<?xml version="1.0" encoding="UTF-8"?>
<!-- Generated by org.testng.reporters.JUnitReportReporter -->
<testsuite hostname="abdulraheemPC" failures="0" tests="2" name="project.project.AppTest" time="0.469" errors="0" timestamp="2025-04-16T19:25:03 EET" skipped="1">
  <testcase classname="project.project.AppTest" name="FillingtheInputFields" time="0.469"/>
  <testcase classname="project.project.AppTest" name="ScrollTest">
    <skipped/>
  </testcase> <!-- ScrollTest -->
</testsuite> <!-- project.project.AppTest -->
